<?xml version="1.0" encoding="UTF-8"?>
<!-- Generated by org.testng.reporters.JUnitXMLReporter -->
<testsuite ignored="0" hostname="LAPTOP-MEGAJEV2" failures="0" tests="6" name="Default test" time="0.117" errors="0" timestamp="2024-02-06T20:50:27 IST">
  <testcase classname="Care_Supreme.datademo" name="test1" time="0.022"/>
  <testcase classname="Care_Supreme.datademo" name="test2" time="0.002"/>
  <testcase classname="Care_Supreme.datademo" name="test5" time="0.003"/>
  <testcase classname="Care_Supreme.datademo" name="test6" time="0.002"/>
  <testcase classname="Care_Supreme.datademo" name="test3" time="0.001"/>
  <testcase classname="Care_Supreme.datademo" name="test4" time="0.003"/>
</testsuite> <!-- Default test -->
