<?xml version="1.0" encoding="UTF-8"?>
<testng-results ignored="0" total="6" passed="6" failed="0" skipped="0">
  <reporter-output>
  </reporter-output>
  <suite started-at="2024-02-06T20:50:26 IST" name="Default suite" finished-at="2024-02-06T20:50:27 IST" duration-ms="117">
    <groups>
    </groups>
    <test started-at="2024-02-06T20:50:26 IST" name="Default test" finished-at="2024-02-06T20:50:27 IST" duration-ms="117">
      <class name="Care_Supreme.datademo">
        <test-method signature="test1()[pri:1, instance:Care_Supreme.datademo@15eb5ee5]" started-at="2024-02-06T20:50:26 IST" name="test1" finished-at="2024-02-06T20:50:26 IST" duration-ms="22" status="PASS">
          <reporter-output>
          </reporter-output>
        </test-method> <!-- test1 -->
        <test-method signature="test2()[pri:2, instance:Care_Supreme.datademo@15eb5ee5]" started-at="2024-02-06T20:50:26 IST" name="test2" finished-at="2024-02-06T20:50:26 IST" depends-on-methods="Care_Supreme.datademo.test1" duration-ms="2" status="PASS">
          <reporter-output>
          </reporter-output>
        </test-method> <!-- test2 -->
        <test-method signature="test5()[pri:3, instance:Care_Supreme.datademo@15eb5ee5]" started-at="2024-02-06T20:50:27 IST" name="test5" finished-at="2024-02-06T20:50:27 IST" duration-ms="3" status="PASS">
          <reporter-output>
          </reporter-output>
        </test-method> <!-- test5 -->
        <test-method signature="test6()[pri:4, instance:Care_Supreme.datademo@15eb5ee5]" started-at="2024-02-06T20:50:27 IST" name="test6" finished-at="2024-02-06T20:50:27 IST" duration-ms="2" status="PASS">
          <reporter-output>
          </reporter-output>
        </test-method> <!-- test6 -->
        <test-method signature="test3()[pri:5, instance:Care_Supreme.datademo@15eb5ee5]" started-at="2024-02-06T20:50:27 IST" name="test3" finished-at="2024-02-06T20:50:27 IST" duration-ms="1" status="PASS">
          <reporter-output>
          </reporter-output>
        </test-method> <!-- test3 -->
        <test-method signature="test4(java.lang.String)[pri:6, instance:Care_Supreme.datademo@15eb5ee5]" started-at="2024-02-06T20:50:27 IST" name="test4" data-provider="getdata" finished-at="2024-02-06T20:50:27 IST" duration-ms="3" status="PASS">
          <params>
            <param index="0">
              <value>
                <![CDATA[Data provider ka data]]>
              </value>
            </param>
          </params>
          <reporter-output>
          </reporter-output>
        </test-method> <!-- test4 -->
      </class> <!-- Care_Supreme.datademo -->
    </test> <!-- Default test -->
  </suite> <!-- Default suite -->
</testng-results>
